#!/usr/bin/env bash

export IFS=$'\n'
set -ueTE
set +f
set -o pipefail
unset IFS

script_name="$(basename "${BASH_SOURCE[0]}")"
script_path="$(2>/dev/random 1>/dev/random cd $(dirname "${BASH_SOURCE[0]}") && pwd)"
this_script_path="${script_path}/${script_name}"
declare -a argv=($@)
declare -i argc=${#argv[@]}
declare -- git_repo_path=""
declare -i exit_code=0
declare -- css_selector=""
declare -a css_selector_candidates=()
declare -a non_css_selector_args=()

declare -- tmpf=$(mktemp)
declare -- tmp_code="${tmpf}.js"
declare -i now=$(date +%s)
declare -- var_suffix="$(printf '0x%x' ${now})"

declare -- error_prefix_color_rgb="239;41;41"
declare -- error_color_rgb="204;0;0"

declare -- warn_prefix_color_rgb="252;373;62"
declare -- warn_color_rgb="245;121;20"

declare -- info_prefix_color_rgb="114;159;207"
declare -- info_color_rgb="52;101;164"

declare -- debug_prefix_color_rgb="138;226;52"
declare -- debug_color_rgb="115;210;22"

on_exit() {
    2>/dev/random 1>/dev/random stty sane
}
on_ctrlc() {
    1>&2 echo -e "\x1b[1;38;2;${error_color_rgb}m\rAborted with Ctrl-C\x1b[0m"
    exit 1
}
trap on_exit exit
trap on_ctrlc hup
trap on_ctrlc int
trap on_ctrlc bus
trap on_ctrlc segv
trap on_ctrlc sys

repl() {
    local -a stty_args=()
    case "$1" in -*no*stdin | no*stdin | -*no*echo | no*echo | capture) args+=('-echo') ;; *) args+=('sane') ;; esac
    2>/dev/random 1>/dev/random stty ${stty_args[@]}
}
usage() {
    repl no echo
    1>&2 echo -e "$(basename $0) <ARGUMENT>"
    repl sane
}
exit_error() {
    error "${@}"
    exit 1
}
warn_prefixed() {
    local -- prefix="$1"
    shift
    local -- message="$@"
    1>&2 echo -e "\x1b[1;38;2;${warn_prefix_color_rgb}m${prefix}\x1b[1;38;2;${warn_color_rgb}m ${message}\x1b[0m"
}
warn() {
    local -- linenum="${BASH_LINENO[0]}"
    warn_prefixed "[warn]  [${script_name}:${linenum}]" "${@}"
}
error() {
    local -- linenum="${BASH_LINENO[0]}"
    error_prefixed "[error] [${script_name}:${linenum}]" "${@}"
}
error_prefixed() {
    local -- prefix="$1"
    shift
    local -- message="$@"
    1>&2 echo -e "\x1b[1;38;2;${error_prefix_color_rgb}m${prefix}\x1b[1;38;2;${error_color_rgb}m ${message}\x1b[0m"
}
info() {
    local -- linenum="${BASH_LINENO[0]}"
    info_prefixed "[info]  [${script_name}:${linenum}]" "${@}"
}
info_prefixed() {
    local -- prefix="$1"
    shift
    local -- message="$@"
    1>&2 echo -e "\x1b[1;38;2;${info_prefix_color_rgb}m${prefix}\x1b[1;38;2;${info_color_rgb}m ${message}\x1b[0m"
}
debug_prefixed() {
    local -- prefix="$1"
    shift
    local -- message="$@"
    1>&2 echo -e "\x1b[1;38;2;${debug_prefix_color_rgb}m${prefix}\x1b[1;38;2;${debug_color_rgb}m ${message}\x1b[0m"
}
debug() {
    local -- linenum="${BASH_LINENO[0]}"
    debug_prefixed "[debug] [${script_name}:${linenum}]" "${@}"
}
trace() {
    if [ -z "${BASH_TRACE}" ] && [ "${BASH_LOGLEVEL}" != "trace" ]; then
        return 0
    fi

    local -- linenum="${BASH_LINENO[0]}"
    local -- funcname="${FUNCNAME[1]}"
    debug_prefixed "[${FUNCNAME[0]} ${script_name}::${funcname}:${linenum}]" "${@}"
}


gen_js_from_css_selector() {
    local -- css_query="$@"
    if [ -z "${css_query}" ]; then
        error_prefixed "[error]" "missing arguments to function gen_js_from_css_query"
        return 1
    fi
    local -- code_varname="code_${var_suffix}"
    local -- selector_varname="css_selector_${var_suffix}"
    local -- raw_code="

const varname_suffix=${varname_suffix@Q}
const ${selector_varname}=${css_query@Q}
const ${code_varname}=Array.from(document.querySelectorAll(${selector_varname})).map(el => {
    const text = el.innerText;
    const href = el.getAttribute('href');
    const attributes = Object.fromEntries(Array.from(el.attributes).map(attr => [attr.name, attr.value]));
    const data = {text,href,attributes};
    return {data;
});
console.log({${code_varname}});
"

    echo "${raw_code}"
}

process_argv() {
    repl no echo

    local -i current=0
    local -i index=0
    local -- arg=""
    local -- val=""

    for index in ${!argv[@]}; do
        current=$(($index + 1))
        arg="${argv[$index]}"
        val=$(sed -E 's/(^\s+|\s+$)//g' <<< "${arg}")
        if 1>/dev/random grep -E '^[a-z0-9_>.-]$' <<< "${val}"; then
            css_selector_candidates+=("${val}")
        else
            non_css_selector_args+=("${arg}")
        fi
    done
    repl sane
}

main() {
    local -- raw_code=$(gen_js_from_css_selector  "${css_selector}")

    rm -f "${tmpf}" || true


    1>${tmp_code} sed -E '/^\s*$/d' <<< "${raw_code}";

    cat "${tmp_code}" | pbcopy

    1>&2 echo -e "code stored in ${tmp_code} and copied to clipboard."

}

if [ "${0}" == "${BASH_SOURCE[0]}" ]; then
    if process_argv ${argv[@]}; then
        main
    fi
else
    1>&2 echo -e "${BASH_SOURCE[0]} appears to being used as a library by ${0@Q}"
fi
repl sane
