  % Total    % Received % Xferd  Average Speed   Time    Time     Time  Current
                                 Dload  Upload   Total   Spent    Left  Speed
  0     0    0     0    0     0      0      0 --:--:-- --:--:-- --:--:--     0* Host mobileconnect.cce.af.mil:443 was resolved.
* IPv6: 2600:1419:6200:3d::214:8b4d, 2600:1419:6200:3d::214:8b4c
* IPv4: 2.16.169.9, 2.16.169.19
*   Trying [2600:1419:6200:3d::214:8b4d]:443...
* Connected to mobileconnect.cce.af.mil (2600:1419:6200:3d::214:8b4d) port 443
* ALPN: curl offers h2,http/1.1
* (304) (OUT), TLS handshake, Client hello (1):
} [329 bytes data]
*  CAfile: /etc/ssl/cert.pem
*  CApath: none
* (304) (IN), TLS handshake, Server hello (2):
{ [108 bytes data]
* TLSv1.2 (IN), TLS handshake, Certificate (11):
{ [2598 bytes data]
* TLSv1.2 (IN), TLS handshake, Server key exchange (12):
{ [333 bytes data]
* TLSv1.2 (IN), TLS handshake, Server finished (14):
{ [4 bytes data]
* TLSv1.2 (OUT), TLS handshake, Client key exchange (16):
} [70 bytes data]
* TLSv1.2 (OUT), TLS change cipher, Change cipher spec (1):
} [1 bytes data]
* TLSv1.2 (OUT), TLS handshake, Finished (20):
} [16 bytes data]
* TLSv1.2 (IN), TLS change cipher, Change cipher spec (1):
{ [1 bytes data]
* TLSv1.2 (IN), TLS handshake, Finished (20):
{ [16 bytes data]
* SSL connection using TLSv1.2 / ECDHE-RSA-CHACHA20-POLY1305 / [blank] / UNDEF
* ALPN: server accepted http/1.1
* Server certificate:
*  subject: CN=mobileconnect.cce.af.mil
*  start date: Oct 13 00:33:15 2025 GMT
*  expire date: Jan 11 00:33:14 2026 GMT
*  subjectAltName: host "mobileconnect.cce.af.mil" matched cert's "mobileconnect.cce.af.mil"
*  issuer: C=US; O=Let's Encrypt; CN=R13
*  SSL certificate verify ok.
* using HTTP/1.x
> GET /cert HTTP/1.1
> Host: mobileconnect.cce.af.mil
> User-Agent: curl/8.7.1
> Accept: */*
> 
* Request completely sent off
< HTTP/1.1 200 OK
< Accept-Ranges: bytes
< Content-Type: text/html
< ETag: "e538aa1050708f62381ef8a4dc675e95:1756311095.361987"
< Last-Modified: Mon, 02 Oct 2023 13:19:14 GMT
< X-Frame-Options: SAMEORIGIN
< Strict-Transport-Security: max-age=31536000
< X-Akamai-Transformed: 9 - 0 pmb=mRUM,1
< Cache-Control: max-age=71918
< Expires: Wed, 19 Nov 2025 00:03:22 GMT
< Date: Tue, 18 Nov 2025 04:04:44 GMT
< Content-Length: 4937
< Connection: keep-alive
< Server-Timing: cdn-cache; desc=HIT
< Server-Timing: edge; dur=1
< Server-Timing: ak_p; desc="1763438684800_34931660_692857592_18_2824_28_37_-";dur=1
< 
{ [4937 bytes data]
100  4937  100  4937    0     0  26702      0 --:--:-- --:--:-- --:--:-- 26831
* Connection #0 to host mobileconnect.cce.af.mil left intact
